app/build/intermediates/manifest_merge_blame_file/debug/processDebugMainManifest/manifest-merger-blame-debug-report.txt
1<?xml version="1.0" encoding="utf-8"?>
2<manifest xmlns:android="http://schemas.android.com/apk/res/android"
3    package="ao.co.isptec.aplm.locationads"
4    android:versionCode="1"
5    android:versionName="1.0" >
6
7    <uses-sdk
8        android:minSdkVersion="29"
9        android:targetSdkVersion="36" />
10
11    <uses-permission android:name="android.permission.ACCESS_NETWORK_STATE" />
11-->src\main\AndroidManifest.xml:5:5-79
11-->src\main\AndroidManifest.xml:5:22-76
12    <uses-permission android:name="android.permission.INTERNET" />
12-->src\main\AndroidManifest.xml:6:5-67
12-->src\main\AndroidManifest.xml:6:22-64
13    <uses-permission android:name="android.permission.ACCESS_FINE_LOCATION" />
13-->src\main\AndroidManifest.xml:7:5-79
13-->src\main\AndroidManifest.xml:7:22-76
14    <uses-permission android:name="android.permission.ACCESS_COARSE_LOCATION" />
14-->src\main\AndroidManifest.xml:8:5-81
14-->src\main\AndroidManifest.xml:8:22-78
15    <uses-permission android:name="android.permission.READ_EXTERNAL_STORAGE" />
15-->src\main\AndroidManifest.xml:9:5-80
15-->src\main\AndroidManifest.xml:9:22-77
16    <uses-permission
16-->src\main\AndroidManifest.xml:10:5-11:38
17        android:name="android.permission.READ_MEDIA_IMAGES"
17-->src\main\AndroidManifest.xml:10:22-73
18        android:minSdkVersion="33" />
18-->src\main\AndroidManifest.xml:11:9-35
19    <uses-permission android:name="android.permission.ACCESS_WIFI_STATE" />
19-->src\main\AndroidManifest.xml:12:5-76
19-->src\main\AndroidManifest.xml:12:22-73
20    <uses-permission android:name="android.permission.CHANGE_WIFI_STATE" />
20-->src\main\AndroidManifest.xml:13:5-76
20-->src\main\AndroidManifest.xml:13:22-73
21    <uses-permission android:name="android.permission.NEARBY_WIFI_DEVICES" />
21-->src\main\AndroidManifest.xml:14:5-78
21-->src\main\AndroidManifest.xml:14:22-75
22    <uses-permission android:name="android.permission.RECEIVE_BOOT_COMPLETED" />
22-->src\main\AndroidManifest.xml:15:5-81
22-->src\main\AndroidManifest.xml:15:22-78
23    <uses-permission android:name="android.permission.FOREGROUND_SERVICE" />
23-->src\main\AndroidManifest.xml:16:5-77
23-->src\main\AndroidManifest.xml:16:22-74
24    <uses-permission android:name="android.permission.FOREGROUND_SERVICE_CONNECTED_DEVICE" />
24-->src\main\AndroidManifest.xml:17:5-94
24-->src\main\AndroidManifest.xml:17:22-91
25
26    <uses-feature
26-->src\main\AndroidManifest.xml:20:5-90
27        android:name="android.hardware.wifi.direct"
27-->src\main\AndroidManifest.xml:20:19-62
28        android:required="false" />
28-->src\main\AndroidManifest.xml:20:63-87
29    <uses-feature
29-->[com.google.android.gms:play-services-maps:19.2.0] AndroidManifest.xml:22:5-24:33
30        android:glEsVersion="0x00020000"
30-->[com.google.android.gms:play-services-maps:19.2.0] AndroidManifest.xml:23:8-40
31        android:required="true" />
31-->[com.google.android.gms:play-services-maps:19.2.0] AndroidManifest.xml:24:8-31
32
33    <queries>
33-->[com.google.android.gms:play-services-maps:19.2.0] AndroidManifest.xml:27:5-30:15
34
35        <!-- Needs to be explicitly declared on Android R+ -->
36        <package android:name="com.google.android.apps.maps" />
36-->[com.google.android.gms:play-services-maps:19.2.0] AndroidManifest.xml:29:7-61
36-->[com.google.android.gms:play-services-maps:19.2.0] AndroidManifest.xml:29:16-59
37    </queries>
38
39    <permission
39-->[androidx.core:core:1.13.0] AndroidManifest.xml:22:5-24:47
40        android:name="ao.co.isptec.aplm.locationads.DYNAMIC_RECEIVER_NOT_EXPORTED_PERMISSION"
40-->[androidx.core:core:1.13.0] AndroidManifest.xml:23:9-81
41        android:protectionLevel="signature" />
41-->[androidx.core:core:1.13.0] AndroidManifest.xml:24:9-44
42
43    <uses-permission android:name="ao.co.isptec.aplm.locationads.DYNAMIC_RECEIVER_NOT_EXPORTED_PERMISSION" />
43-->[androidx.core:core:1.13.0] AndroidManifest.xml:26:5-97
43-->[androidx.core:core:1.13.0] AndroidManifest.xml:26:22-94
44
45    <application
45-->src\main\AndroidManifest.xml:22:5-71:19
46        android:name="ao.co.isptec.aplm.locationads.LocationAdsApp"
46-->src\main\AndroidManifest.xml:24:9-39
47        android:allowBackup="true"
47-->src\main\AndroidManifest.xml:25:9-35
48        android:appComponentFactory="androidx.core.app.CoreComponentFactory"
48-->[androidx.core:core:1.13.0] AndroidManifest.xml:28:18-86
49        android:dataExtractionRules="@xml/data_extraction_rules"
49-->src\main\AndroidManifest.xml:26:9-65
50        android:debuggable="true"
51        android:extractNativeLibs="false"
52        android:fullBackupContent="@xml/backup_rules"
52-->src\main\AndroidManifest.xml:27:9-54
53        android:icon="@mipmap/ic_launcher"
53-->src\main\AndroidManifest.xml:28:9-43
54        android:label="@string/app_name"
54-->src\main\AndroidManifest.xml:29:9-41
55        android:networkSecurityConfig="@xml/network_security_config"
55-->src\main\AndroidManifest.xml:23:9-69
56        android:roundIcon="@mipmap/ic_launcher_round"
56-->src\main\AndroidManifest.xml:30:9-54
57        android:supportsRtl="true"
57-->src\main\AndroidManifest.xml:31:9-35
58        android:testOnly="true"
59        android:theme="@style/AppTheme" >
59-->src\main\AndroidManifest.xml:32:9-40
60        <activity
60-->src\main\AndroidManifest.xml:34:9-36:40
61            android:name="ao.co.isptec.aplm.locationads.AddLocal"
61-->src\main\AndroidManifest.xml:35:13-37
62            android:exported="false" />
62-->src\main\AndroidManifest.xml:36:13-37
63        <activity
63-->src\main\AndroidManifest.xml:38:9-46:20
64            android:name="ao.co.isptec.aplm.locationads.SplashActivity"
64-->src\main\AndroidManifest.xml:39:13-43
65            android:exported="true"
65-->src\main\AndroidManifest.xml:41:13-36
66            android:theme="@style/SplashTheme" >
66-->src\main\AndroidManifest.xml:40:13-47
67            <intent-filter>
67-->src\main\AndroidManifest.xml:42:13-45:29
68                <action android:name="android.intent.action.MAIN" />
68-->src\main\AndroidManifest.xml:43:17-69
68-->src\main\AndroidManifest.xml:43:25-66
69
70                <category android:name="android.intent.category.LAUNCHER" />
70-->src\main\AndroidManifest.xml:44:17-77
70-->src\main\AndroidManifest.xml:44:27-74
71            </intent-filter>
72        </activity>
73
74        <meta-data
74-->src\main\AndroidManifest.xml:48:9-50:71
75            android:name="com.google.android.geo.API_KEY"
75-->src\main\AndroidManifest.xml:49:13-58
76            android:value="AIzaSyAqTh-pQJZZgGp-raNhdqgVsb8VV3rM-t4" />
76-->src\main\AndroidManifest.xml:50:13-68
77
78        <service
78-->src\main\AndroidManifest.xml:52:9-136
79            android:name="ao.co.isptec.aplm.locationads.services.WifiDirectService"
79-->src\main\AndroidManifest.xml:52:18-60
80            android:exported="false"
80-->src\main\AndroidManifest.xml:52:61-85
81            android:foregroundServiceType="connectedDevice" />
81-->src\main\AndroidManifest.xml:52:86-133
82
83        <receiver
83-->src\main\AndroidManifest.xml:54:9-58:20
84            android:name="ao.co.isptec.aplm.locationads.services.BootReceiver"
84-->src\main\AndroidManifest.xml:54:19-56
85            android:exported="true" >
85-->src\main\AndroidManifest.xml:54:57-80
86            <intent-filter>
86-->src\main\AndroidManifest.xml:55:13-57:29
87                <action android:name="android.intent.action.BOOT_COMPLETED" />
87-->src\main\AndroidManifest.xml:56:17-79
87-->src\main\AndroidManifest.xml:56:25-76
88            </intent-filter>
89        </receiver>
90
91        <activity
91-->src\main\AndroidManifest.xml:60:9-70
92            android:name="ao.co.isptec.aplm.locationads.ViewAds"
92-->src\main\AndroidManifest.xml:60:19-42
93            android:exported="false" />
93-->src\main\AndroidManifest.xml:60:43-67
94        <activity
94-->src\main\AndroidManifest.xml:61:9-69
95            android:name="ao.co.isptec.aplm.locationads.AddAds"
95-->src\main\AndroidManifest.xml:61:19-41
96            android:exported="false" />
96-->src\main\AndroidManifest.xml:61:42-66
97        <activity
97-->src\main\AndroidManifest.xml:62:9-71
98            android:name="ao.co.isptec.aplm.locationads.ListMenu"
98-->src\main\AndroidManifest.xml:62:19-43
99            android:exported="false" />
99-->src\main\AndroidManifest.xml:62:44-68
100        <activity
100-->src\main\AndroidManifest.xml:63:9-71
101            android:name="ao.co.isptec.aplm.locationads.AboutApp"
101-->src\main\AndroidManifest.xml:63:19-43
102            android:exported="false" />
102-->src\main\AndroidManifest.xml:63:44-68
103        <activity
103-->src\main\AndroidManifest.xml:64:9-80
104            android:name="ao.co.isptec.aplm.locationads.EditPerfilAccount"
104-->src\main\AndroidManifest.xml:64:19-52
105            android:exported="false" />
105-->src\main\AndroidManifest.xml:64:53-77
106        <activity
106-->src\main\AndroidManifest.xml:65:9-76
107            android:name="ao.co.isptec.aplm.locationads.PerfilAccount"
107-->src\main\AndroidManifest.xml:65:19-48
108            android:exported="false" />
108-->src\main\AndroidManifest.xml:65:49-73
109        <activity
109-->src\main\AndroidManifest.xml:66:9-79
110            android:name="ao.co.isptec.aplm.locationads.RegisterActivity"
110-->src\main\AndroidManifest.xml:66:19-51
111            android:exported="false" />
111-->src\main\AndroidManifest.xml:66:52-76
112        <activity
112-->src\main\AndroidManifest.xml:67:9-79
113            android:name="ao.co.isptec.aplm.locationads.RecoveryActivity"
113-->src\main\AndroidManifest.xml:67:19-51
114            android:exported="false" />
114-->src\main\AndroidManifest.xml:67:52-76
115        <activity
115-->src\main\AndroidManifest.xml:68:9-77
116            android:name="ao.co.isptec.aplm.locationads.LoginActivity"
116-->src\main\AndroidManifest.xml:68:19-48
117            android:exported="false" />
117-->src\main\AndroidManifest.xml:68:50-74
118        <activity
118-->src\main\AndroidManifest.xml:69:9-118
119            android:name="ao.co.isptec.aplm.locationads.MainActivity"
119-->src\main\AndroidManifest.xml:69:19-47
120            android:exported="false"
120-->src\main\AndroidManifest.xml:69:91-115
121            android:windowSoftInputMode="adjustResize" />
121-->src\main\AndroidManifest.xml:69:48-90
122
123        <!-- Needs to be explicitly declared on P+ -->
124        <uses-library
124-->[com.google.android.gms:play-services-maps:19.2.0] AndroidManifest.xml:33:7-86
125            android:name="org.apache.http.legacy"
125-->[com.google.android.gms:play-services-maps:19.2.0] AndroidManifest.xml:33:21-58
126            android:required="false" />
126-->[com.google.android.gms:play-services-maps:19.2.0] AndroidManifest.xml:33:59-83
127
128        <activity
128-->[com.google.android.gms:play-services-base:18.5.0] AndroidManifest.xml:5:9-173
129            android:name="com.google.android.gms.common.api.GoogleApiActivity"
129-->[com.google.android.gms:play-services-base:18.5.0] AndroidManifest.xml:5:19-85
130            android:exported="false"
130-->[com.google.android.gms:play-services-base:18.5.0] AndroidManifest.xml:5:146-170
131            android:theme="@android:style/Theme.Translucent.NoTitleBar" />
131-->[com.google.android.gms:play-services-base:18.5.0] AndroidManifest.xml:5:86-145
132
133        <meta-data
133-->[com.google.android.gms:play-services-basement:18.4.0] AndroidManifest.xml:6:9-122
134            android:name="com.google.android.gms.version"
134-->[com.google.android.gms:play-services-basement:18.4.0] AndroidManifest.xml:6:20-65
135            android:value="@integer/google_play_services_version" />
135-->[com.google.android.gms:play-services-basement:18.4.0] AndroidManifest.xml:6:66-119
136
137        <provider
137-->[androidx.emoji2:emoji2:1.3.0] AndroidManifest.xml:24:9-32:20
138            android:name="androidx.startup.InitializationProvider"
138-->[androidx.emoji2:emoji2:1.3.0] AndroidManifest.xml:25:13-67
139            android:authorities="ao.co.isptec.aplm.locationads.androidx-startup"
139-->[androidx.emoji2:emoji2:1.3.0] AndroidManifest.xml:26:13-68
140            android:exported="false" >
140-->[androidx.emoji2:emoji2:1.3.0] AndroidManifest.xml:27:13-37
141            <meta-data
141-->[androidx.emoji2:emoji2:1.3.0] AndroidManifest.xml:29:13-31:52
142                android:name="androidx.emoji2.text.EmojiCompatInitializer"
142-->[androidx.emoji2:emoji2:1.3.0] AndroidManifest.xml:30:17-75
143                android:value="androidx.startup" />
143-->[androidx.emoji2:emoji2:1.3.0] AndroidManifest.xml:31:17-49
144            <meta-data
144-->[androidx.lifecycle:lifecycle-process:2.6.2] AndroidManifest.xml:29:13-31:52
145                android:name="androidx.lifecycle.ProcessLifecycleInitializer"
145-->[androidx.lifecycle:lifecycle-process:2.6.2] AndroidManifest.xml:30:17-78
146                android:value="androidx.startup" />
146-->[androidx.lifecycle:lifecycle-process:2.6.2] AndroidManifest.xml:31:17-49
147            <meta-data
147-->[androidx.profileinstaller:profileinstaller:1.4.0] AndroidManifest.xml:29:13-31:52
148                android:name="androidx.profileinstaller.ProfileInstallerInitializer"
148-->[androidx.profileinstaller:profileinstaller:1.4.0] AndroidManifest.xml:30:17-85
149                android:value="androidx.startup" />
149-->[androidx.profileinstaller:profileinstaller:1.4.0] AndroidManifest.xml:31:17-49
150        </provider>
151
152        <receiver
152-->[androidx.profileinstaller:profileinstaller:1.4.0] AndroidManifest.xml:34:9-52:20
153            android:name="androidx.profileinstaller.ProfileInstallReceiver"
153-->[androidx.profileinstaller:profileinstaller:1.4.0] AndroidManifest.xml:35:13-76
154            android:directBootAware="false"
154-->[androidx.profileinstaller:profileinstaller:1.4.0] AndroidManifest.xml:36:13-44
155            android:enabled="true"
155-->[androidx.profileinstaller:profileinstaller:1.4.0] AndroidManifest.xml:37:13-35
156            android:exported="true"
156-->[androidx.profileinstaller:profileinstaller:1.4.0] AndroidManifest.xml:38:13-36
157            android:permission="android.permission.DUMP" >
157-->[androidx.profileinstaller:profileinstaller:1.4.0] AndroidManifest.xml:39:13-57
158            <intent-filter>
158-->[androidx.profileinstaller:profileinstaller:1.4.0] AndroidManifest.xml:40:13-42:29
159                <action android:name="androidx.profileinstaller.action.INSTALL_PROFILE" />
159-->[androidx.profileinstaller:profileinstaller:1.4.0] AndroidManifest.xml:41:17-91
159-->[androidx.profileinstaller:profileinstaller:1.4.0] AndroidManifest.xml:41:25-88
160            </intent-filter>
161            <intent-filter>
161-->[androidx.profileinstaller:profileinstaller:1.4.0] AndroidManifest.xml:43:13-45:29
162                <action android:name="androidx.profileinstaller.action.SKIP_FILE" />
162-->[androidx.profileinstaller:profileinstaller:1.4.0] AndroidManifest.xml:44:17-85
162-->[androidx.profileinstaller:profileinstaller:1.4.0] AndroidManifest.xml:44:25-82
163            </intent-filter>
164            <intent-filter>
164-->[androidx.profileinstaller:profileinstaller:1.4.0] AndroidManifest.xml:46:13-48:29
165                <action android:name="androidx.profileinstaller.action.SAVE_PROFILE" />
165-->[androidx.profileinstaller:profileinstaller:1.4.0] AndroidManifest.xml:47:17-88
165-->[androidx.profileinstaller:profileinstaller:1.4.0] AndroidManifest.xml:47:25-85
166            </intent-filter>
167            <intent-filter>
167-->[androidx.profileinstaller:profileinstaller:1.4.0] AndroidManifest.xml:49:13-51:29
168                <action android:name="androidx.profileinstaller.action.BENCHMARK_OPERATION" />
168-->[androidx.profileinstaller:profileinstaller:1.4.0] AndroidManifest.xml:50:17-95
168-->[androidx.profileinstaller:profileinstaller:1.4.0] AndroidManifest.xml:50:25-92
169            </intent-filter>
170        </receiver>
171    </application>
172
173</manifest>